# JRE version: Java(TM) SE Runtime Environment (17.0.8+9) (build 17.0.8+9-LTS-211)
# Java VM: Java HotSpot(TM) 64-Bit Server VM (17.0.8+9-LTS-211, mixed mode, sharing, tiered, compressed oops, compressed class ptrs, g1 gc, windows-amd64)
GC Precious Log:
 CPUs: 8 total, 8 available
 Memory: 20222M
 Large Page Support: Disabled
 NUMA Support: Disabled
 Compressed Oops: Enabled (32-bit)
 Heap Region Size: 1M
 Heap Min Capacity: 256M
 Heap Initial Capacity: 256M
 Heap Max Capacity: 512M
 Pre-touch: Disabled
 Parallel Workers: 8
 Concurrent Workers: 2
 Concurrent Refinement Workers: 8
 Periodic GC: Disabled
Heap:
 garbage-first heap   total 262144K, used 73151K [0x00000000e0000000, 0x0000000100000000)
  region size 1024K, 24 young (24576K), 17 survivors (17408K)
 Metaspace       used 56195K, committed 56768K, reserved 393216K
  class space    used 7730K, committed 8064K, reserved 327680K
GC Heap History (18 events):
Event: 10.936 GC heap before
{Heap before GC invocations=0 (full 0):
 garbage-first heap   total 262144K, used 26624K [0x00000000e0000000, 0x0000000100000000)
  region size 1024K, 23 young (23552K), 0 survivors (0K)
 Metaspace       used 2979K, committed 3136K, reserved 393216K
  class space    used 380K, committed 448K, reserved 327680K
}
Event: 11.646 GC heap after
{Heap after GC invocations=1 (full 0):
 garbage-first heap   total 262144K, used 10788K [0x00000000e0000000, 0x0000000100000000)
  region size 1024K, 3 young (3072K), 3 survivors (3072K)
 Metaspace       used 2979K, committed 3136K, reserved 393216K
  class space    used 380K, committed 448K, reserved 327680K
}
Event: 14.001 GC heap before
{Heap before GC invocations=1 (full 0):
 garbage-first heap   total 262144K, used 37412K [0x00000000e0000000, 0x0000000100000000)
  region size 1024K, 29 young (29696K), 3 survivors (3072K)
 Metaspace       used 3961K, committed 4160K, reserved 393216K
  class space    used 489K, committed 576K, reserved 327680K
}
Event: 14.005 GC heap after
{Heap after GC invocations=2 (full 0):
 garbage-first heap   total 262144K, used 11166K [0x00000000e0000000, 0x0000000100000000)
  region size 1024K, 1 young (1024K), 1 survivors (1024K)
 Metaspace       used 3961K, committed 4160K, reserved 393216K
  class space    used 489K, committed 576K, reserved 327680K
}
Event: 38.362 GC heap before
{Heap before GC invocations=2 (full 0):
 garbage-first heap   total 262144K, used 129950K [0x00000000e0000000, 0x0000000100000000)
  region size 1024K, 116 young (118784K), 1 survivors (1024K)
 Metaspace       used 20705K, committed 20992K, reserved 393216K
  class space    used 3017K, committed 3136K, reserved 327680K
}
Event: 38.468 GC heap after
{Heap after GC invocations=3 (full 0):
 garbage-first heap   total 262144K, used 22315K [0x00000000e0000000, 0x0000000100000000)
  region size 1024K, 12 young (12288K), 12 survivors (12288K)
 Metaspace       used 20705K, committed 20992K, reserved 393216K
  class space    used 3017K, committed 3136K, reserved 327680K
}
Event: 38.883 GC heap before
{Heap before GC invocations=3 (full 0):
 garbage-first heap   total 262144K, used 27435K [0x00000000e0000000, 0x0000000100000000)
  region size 1024K, 18 young (18432K), 12 survivors (12288K)
 Metaspace       used 21186K, committed 21504K, reserved 393216K
  class space    used 3106K, committed 3264K, reserved 327680K
}
Event: 38.895 GC heap after
{Heap after GC invocations=4 (full 0):
 garbage-first heap   total 262144K, used 23223K [0x00000000e0000000, 0x0000000100000000)
  region size 1024K, 1 young (1024K), 1 survivors (1024K)
 Metaspace       used 21186K, committed 21504K, reserved 393216K
  class space    used 3106K, committed 3264K, reserved 327680K
}
Event: 147.552 GC heap before
{Heap before GC invocations=5 (full 0):
 garbage-first heap   total 262144K, used 155319K [0x00000000e0000000, 0x0000000100000000)
  region size 1024K, 127 young (130048K), 1 survivors (1024K)
 Metaspace       used 35613K, committed 35968K, reserved 393216K
  class space    used 4911K, committed 5120K, reserved 327680K
}
Event: 147.563 GC heap after
{Heap after GC invocations=6 (full 0):
 garbage-first heap   total 262144K, used 30988K [0x00000000e0000000, 0x0000000100000000)
  region size 1024K, 9 young (9216K), 9 survivors (9216K)
 Metaspace       used 35613K, committed 35968K, reserved 393216K
  class space    used 4911K, committed 5120K, reserved 327680K
}
Event: 198.234 GC heap before
{Heap before GC invocations=7 (full 0):
 garbage-first heap   total 262144K, used 179468K [0x00000000e0000000, 0x0000000100000000)
  region size 1024K, 153 young (156672K), 9 survivors (9216K)
 Metaspace       used 48211K, committed 48704K, reserved 393216K
  class space    used 6851K, committed 7104K, reserved 327680K
}
Event: 198.252 GC heap after
{Heap after GC invocations=8 (full 0):
 garbage-first heap   total 262144K, used 38824K [0x00000000e0000000, 0x0000000100000000)
  region size 1024K, 17 young (17408K), 17 survivors (17408K)
 Metaspace       used 48211K, committed 48704K, reserved 393216K
  class space    used 6851K, committed 7104K, reserved 327680K
}
Event: 203.820 GC heap before
{Heap before GC invocations=8 (full 0):
 garbage-first heap   total 262144K, used 177064K [0x00000000e0000000, 0x0000000100000000)
  region size 1024K, 153 young (156672K), 17 survivors (17408K)
 Metaspace       used 53714K, committed 54272K, reserved 393216K
  class space    used 7527K, committed 7808K, reserved 327680K
}
Event: 203.848 GC heap after
{Heap after GC invocations=9 (full 0):
 garbage-first heap   total 262144K, used 51282K [0x00000000e0000000, 0x0000000100000000)
  region size 1024K, 20 young (20480K), 20 survivors (20480K)
 Metaspace       used 53714K, committed 54272K, reserved 393216K
  class space    used 7527K, committed 7808K, reserved 327680K
}
Event: 241.591 GC heap before
{Heap before GC invocations=9 (full 0):
 garbage-first heap   total 262144K, used 186450K [0x00000000e0000000, 0x0000000100000000)
  region size 1024K, 153 young (156672K), 20 survivors (20480K)
 Metaspace       used 55384K, committed 55936K, reserved 393216K
  class space    used 7703K, committed 8000K, reserved 327680K
}
Event: 241.615 GC heap after
{Heap after GC invocations=10 (full 0):
 garbage-first heap   total 262144K, used 55197K [0x00000000e0000000, 0x0000000100000000)
  region size 1024K, 5 young (5120K), 5 survivors (5120K)
 Metaspace       used 55384K, committed 55936K, reserved 393216K
  class space    used 7703K, committed 8000K, reserved 327680K
}
Event: 535.481 GC heap before
{Heap before GC invocations=10 (full 0):
 garbage-first heap   total 262144K, used 203677K [0x00000000e0000000, 0x0000000100000000)
  region size 1024K, 151 young (154624K), 5 survivors (5120K)
 Metaspace       used 56154K, committed 56768K, reserved 393216K
  class space    used 7730K, committed 8064K, reserved 327680K
}
Event: 535.618 GC heap after
{Heap after GC invocations=11 (full 0):
 garbage-first heap   total 262144K, used 67007K [0x00000000e0000000, 0x0000000100000000)
  region size 1024K, 17 young (17408K), 17 survivors (17408K)
 Metaspace       used 56154K, committed 56768K, reserved 393216K
  class space    used 7730K, committed 8064K, reserved 327680K
}

