# JRE version: Java(TM) SE Runtime Environment (17.0.8+9) (build 17.0.8+9-LTS-211)
# Java VM: Java HotSpot(TM) 64-Bit Server VM (17.0.8+9-LTS-211, mixed mode, sharing, tiered, compressed oops, compressed class ptrs, g1 gc, windows-amd64)
GC Precious Log:
 CPUs: 8 total, 8 available
 Memory: 20222M
 Large Page Support: Disabled
 NUMA Support: Disabled
 Compressed Oops: Enabled (32-bit)
 Heap Region Size: 1M
 Heap Min Capacity: 256M
 Heap Initial Capacity: 256M
 Heap Max Capacity: 512M
 Pre-touch: Disabled
 Parallel Workers: 8
 Concurrent Workers: 2
 Concurrent Refinement Workers: 8
 Periodic GC: Disabled
Heap:
 garbage-first heap   total 262144K, used 71184K [0x00000000e0000000, 0x0000000100000000)
  region size 1024K, 61 young (62464K), 13 survivors (13312K)
 Metaspace       used 26397K, committed 26752K, reserved 393216K
  class space    used 3925K, committed 4096K, reserved 327680K
GC Heap History (8 events):
Event: 22.577 GC heap before
{Heap before GC invocations=0 (full 0):
 garbage-first heap   total 262144K, used 26624K [0x00000000e0000000, 0x0000000100000000)
  region size 1024K, 23 young (23552K), 0 survivors (0K)
 Metaspace       used 2921K, committed 3136K, reserved 393216K
  class space    used 369K, committed 448K, reserved 327680K
}
Event: 23.170 GC heap after
{Heap after GC invocations=1 (full 0):
 garbage-first heap   total 262144K, used 10556K [0x00000000e0000000, 0x0000000100000000)
  region size 1024K, 3 young (3072K), 3 survivors (3072K)
 Metaspace       used 2921K, committed 3136K, reserved 393216K
  class space    used 369K, committed 448K, reserved 327680K
}
Event: 27.297 GC heap before
{Heap before GC invocations=1 (full 0):
 garbage-first heap   total 262144K, used 36156K [0x00000000e0000000, 0x0000000100000000)
  region size 1024K, 28 young (28672K), 3 survivors (3072K)
 Metaspace       used 3988K, committed 4160K, reserved 393216K
  class space    used 489K, committed 576K, reserved 327680K
}
Event: 27.301 GC heap after
{Heap after GC invocations=2 (full 0):
 garbage-first heap   total 262144K, used 11406K [0x00000000e0000000, 0x0000000100000000)
  region size 1024K, 1 young (1024K), 1 survivors (1024K)
 Metaspace       used 3988K, committed 4160K, reserved 393216K
  class space    used 489K, committed 576K, reserved 327680K
}
Event: 70.542 GC heap before
{Heap before GC invocations=2 (full 0):
 garbage-first heap   total 262144K, used 104590K [0x00000000e0000000, 0x0000000100000000)
  region size 1024K, 91 young (93184K), 1 survivors (1024K)
 Metaspace       used 17194K, committed 17472K, reserved 393216K
  class space    used 2442K, committed 2560K, reserved 327680K
}
Event: 71.027 GC heap after
{Heap after GC invocations=3 (full 0):
 garbage-first heap   total 262144K, used 20992K [0x00000000e0000000, 0x0000000100000000)
  region size 1024K, 11 young (11264K), 11 survivors (11264K)
 Metaspace       used 17194K, committed 17472K, reserved 393216K
  class space    used 2442K, committed 2560K, reserved 327680K
}
Event: 76.778 GC heap before
{Heap before GC invocations=3 (full 0):
 garbage-first heap   total 262144K, used 54784K [0x00000000e0000000, 0x0000000100000000)
  region size 1024K, 45 young (46080K), 11 survivors (11264K)
 Metaspace       used 21245K, committed 21504K, reserved 393216K
  class space    used 3111K, committed 3264K, reserved 327680K
}
Event: 76.790 GC heap after
{Heap after GC invocations=4 (full 0):
 garbage-first heap   total 262144K, used 23056K [0x00000000e0000000, 0x0000000100000000)
  region size 1024K, 13 young (13312K), 13 survivors (13312K)
 Metaspace       used 21245K, committed 21504K, reserved 393216K
  class space    used 3111K, committed 3264K, reserved 327680K
}

