# JRE version: Java(TM) SE Runtime Environment (17.0.8+9) (build 17.0.8+9-LTS-211)
# Java VM: Java HotSpot(TM) 64-Bit Server VM (17.0.8+9-LTS-211, mixed mode, sharing, tiered, compressed oops, compressed class ptrs, g1 gc, windows-amd64)
GC Precious Log:
 CPUs: 8 total, 8 available
 Memory: 20222M
 Large Page Support: Disabled
 NUMA Support: Disabled
 Compressed Oops: Enabled (32-bit)
 Heap Region Size: 1M
 Heap Min Capacity: 256M
 Heap Initial Capacity: 256M
 Heap Max Capacity: 512M
 Pre-touch: Disabled
 Parallel Workers: 8
 Concurrent Workers: 2
 Concurrent Refinement Workers: 8
 Periodic GC: Disabled
Heap:
 garbage-first heap   total 262144K, used 36621K [0x00000000e0000000, 0x0000000100000000)
  region size 1024K, 27 young (27648K), 12 survivors (12288K)
 Metaspace       used 21016K, committed 21248K, reserved 393216K
  class space    used 3067K, committed 3200K, reserved 327680K
GC Heap History (6 events):
Event: 15.594 GC heap before
{Heap before GC invocations=0 (full 0):
 garbage-first heap   total 262144K, used 26624K [0x00000000e0000000, 0x0000000100000000)
  region size 1024K, 23 young (23552K), 0 survivors (0K)
 Metaspace       used 2968K, committed 3072K, reserved 393216K
  class space    used 381K, committed 448K, reserved 327680K
}
Event: 17.882 GC heap after
{Heap after GC invocations=1 (full 0):
 garbage-first heap   total 262144K, used 10487K [0x00000000e0000000, 0x0000000100000000)
  region size 1024K, 3 young (3072K), 3 survivors (3072K)
 Metaspace       used 2968K, committed 3072K, reserved 393216K
  class space    used 381K, committed 448K, reserved 327680K
}
Event: 26.213 GC heap before
{Heap before GC invocations=1 (full 0):
 garbage-first heap   total 262144K, used 37111K [0x00000000e0000000, 0x0000000100000000)
  region size 1024K, 29 young (29696K), 3 survivors (3072K)
 Metaspace       used 3969K, committed 4160K, reserved 393216K
  class space    used 489K, committed 576K, reserved 327680K
}
Event: 26.219 GC heap after
{Heap after GC invocations=2 (full 0):
 garbage-first heap   total 262144K, used 11342K [0x00000000e0000000, 0x0000000100000000)
  region size 1024K, 1 young (1024K), 1 survivors (1024K)
 Metaspace       used 3969K, committed 4160K, reserved 393216K
  class space    used 489K, committed 576K, reserved 327680K
}
Event: 86.397 GC heap before
{Heap before GC invocations=2 (full 0):
 garbage-first heap   total 262144K, used 120910K [0x00000000e0000000, 0x0000000100000000)
  region size 1024K, 107 young (109568K), 1 survivors (1024K)
 Metaspace       used 19375K, committed 19712K, reserved 393216K
  class space    used 2800K, committed 2944K, reserved 327680K
}
Event: 86.424 GC heap after
{Heap after GC invocations=3 (full 0):
 garbage-first heap   total 262144K, used 22285K [0x00000000e0000000, 0x0000000100000000)
  region size 1024K, 12 young (12288K), 12 survivors (12288K)
 Metaspace       used 19375K, committed 19712K, reserved 393216K
  class space    used 2800K, committed 2944K, reserved 327680K
}

