# JRE version: Java(TM) SE Runtime Environment (17.0.8+9) (build 17.0.8+9-LTS-211)
# Java VM: Java HotSpot(TM) 64-Bit Server VM (17.0.8+9-LTS-211, mixed mode, sharing, tiered, compressed oops, compressed class ptrs, g1 gc, windows-amd64)
GC Precious Log:
 CPUs: 8 total, 8 available
 Memory: 20222M
 Large Page Support: Disabled
 NUMA Support: Disabled
 Compressed Oops: Enabled (32-bit)
 Heap Region Size: 1M
 Heap Min Capacity: 256M
 Heap Initial Capacity: 256M
 Heap Max Capacity: 512M
 Pre-touch: Disabled
 Parallel Workers: 8
 Concurrent Workers: 2
 Concurrent Refinement Workers: 8
 Periodic GC: Disabled
Heap:
 garbage-first heap   total 262144K, used 69521K [0x00000000e0000000, 0x0000000100000000)
  region size 1024K, 38 young (38912K), 2 survivors (2048K)
 Metaspace       used 39379K, committed 39872K, reserved 393216K
  class space    used 5402K, committed 5632K, reserved 327680K
GC Heap History (12 events):
Event: 16.240 GC heap before
{Heap before GC invocations=0 (full 0):
 garbage-first heap   total 262144K, used 26624K [0x00000000e0000000, 0x0000000100000000)
  region size 1024K, 23 young (23552K), 0 survivors (0K)
 Metaspace       used 2914K, committed 3072K, reserved 393216K
  class space    used 370K, committed 448K, reserved 327680K
}
Event: 16.907 GC heap after
{Heap after GC invocations=1 (full 0):
 garbage-first heap   total 262144K, used 10464K [0x00000000e0000000, 0x0000000100000000)
  region size 1024K, 3 young (3072K), 3 survivors (3072K)
 Metaspace       used 2914K, committed 3072K, reserved 393216K
  class space    used 370K, committed 448K, reserved 327680K
}
Event: 22.942 GC heap before
{Heap before GC invocations=1 (full 0):
 garbage-first heap   total 262144K, used 37088K [0x00000000e0000000, 0x0000000100000000)
  region size 1024K, 29 young (29696K), 3 survivors (3072K)
 Metaspace       used 3984K, committed 4160K, reserved 393216K
  class space    used 490K, committed 576K, reserved 327680K
}
Event: 22.946 GC heap after
{Heap after GC invocations=2 (full 0):
 garbage-first heap   total 262144K, used 11417K [0x00000000e0000000, 0x0000000100000000)
  region size 1024K, 1 young (1024K), 1 survivors (1024K)
 Metaspace       used 3984K, committed 4160K, reserved 393216K
  class space    used 490K, committed 576K, reserved 327680K
}
Event: 76.191 GC heap before
{Heap before GC invocations=2 (full 0):
 garbage-first heap   total 262144K, used 106649K [0x00000000e0000000, 0x0000000100000000)
  region size 1024K, 93 young (95232K), 1 survivors (1024K)
 Metaspace       used 17757K, committed 18048K, reserved 393216K
  class space    used 2551K, committed 2688K, reserved 327680K
}
Event: 76.208 GC heap after
{Heap after GC invocations=3 (full 0):
 garbage-first heap   total 262144K, used 21148K [0x00000000e0000000, 0x0000000100000000)
  region size 1024K, 11 young (11264K), 11 survivors (11264K)
 Metaspace       used 17757K, committed 18048K, reserved 393216K
  class space    used 2551K, committed 2688K, reserved 327680K
}
Event: 78.324 GC heap before
{Heap before GC invocations=3 (full 0):
 garbage-first heap   total 262144K, used 47772K [0x00000000e0000000, 0x0000000100000000)
  region size 1024K, 38 young (38912K), 11 survivors (11264K)
 Metaspace       used 21254K, committed 21504K, reserved 393216K
  class space    used 3119K, committed 3264K, reserved 327680K
}
Event: 78.335 GC heap after
{Heap after GC invocations=4 (full 0):
 garbage-first heap   total 262144K, used 23036K [0x00000000e0000000, 0x0000000100000000)
  region size 1024K, 12 young (12288K), 12 survivors (12288K)
 Metaspace       used 21254K, committed 21504K, reserved 393216K
  class space    used 3119K, committed 3264K, reserved 327680K
}
Event: 388.035 GC heap before
{Heap before GC invocations=5 (full 0):
 garbage-first heap   total 262144K, used 171516K [0x00000000e0000000, 0x0000000100000000)
  region size 1024K, 153 young (156672K), 12 survivors (12288K)
 Metaspace       used 35720K, committed 36096K, reserved 393216K
  class space    used 4917K, committed 5120K, reserved 327680K
}
Event: 388.348 GC heap after
{Heap after GC invocations=6 (full 0):
 garbage-first heap   total 262144K, used 32027K [0x00000000e0000000, 0x0000000100000000)
  region size 1024K, 11 young (11264K), 11 survivors (11264K)
 Metaspace       used 35720K, committed 36096K, reserved 393216K
  class space    used 4917K, committed 5120K, reserved 327680K
}
Event: 390.956 GC heap before
{Heap before GC invocations=6 (full 0):
 garbage-first heap   total 262144K, used 34075K [0x00000000e0000000, 0x0000000100000000)
  region size 1024K, 14 young (14336K), 11 survivors (11264K)
 Metaspace       used 35958K, committed 36288K, reserved 393216K
  class space    used 4956K, committed 5120K, reserved 327680K
}
Event: 390.975 GC heap after
{Heap after GC invocations=7 (full 0):
 garbage-first heap   total 262144K, used 32657K [0x00000000e0000000, 0x0000000100000000)
  region size 1024K, 2 young (2048K), 2 survivors (2048K)
 Metaspace       used 35958K, committed 36288K, reserved 393216K
  class space    used 4956K, committed 5120K, reserved 327680K
}

